-- The C compiler identification is GNU 11.4.0
-- The CXX compiler identification is GNU 11.4.0
-- Detecting C compiler ABI info
-- Detecting C compiler ABI info - done
-- Check for working C compiler: /usr/bin/cc - skipped
-- Detecting C compile features
-- Detecting C compile features - done
-- Detecting CXX compiler ABI info
-- Detecting CXX compiler ABI info - done
-- Check for working CXX compiler: /usr/bin/c++ - skipped
-- Detecting CXX compile features
-- Detecting CXX compile features - done
-- Found ament_cmake: 1.3.10 (/opt/ros/humble/share/ament_cmake/cmake)
-- Found Python3: /usr/bin/python3 (found version "3.10.12") found components: Interpreter 
-- Found ament_lint_auto: 0.12.11 (/opt/ros/humble/share/ament_lint_auto/cmake)
-- Found geometry_msgs: 4.2.4 (/opt/ros/humble/share/geometry_msgs/cmake)
-- Found rosidl_generator_c: 3.1.5 (/opt/ros/humble/share/rosidl_generator_c/cmake)
-- Found rosidl_adapter: 3.1.5 (/opt/ros/humble/share/rosidl_adapter/cmake)
-- Found rosidl_generator_cpp: 3.1.5 (/opt/ros/humble/share/rosidl_generator_cpp/cmake)
-- Using all available rosidl_typesupport_c: rosidl_typesupport_fastrtps_c;rosidl_typesupport_introspection_c
-- Using all available rosidl_typesupport_cpp: rosidl_typesupport_fastrtps_cpp;rosidl_typesupport_introspection_cpp
-- Found rosidl_default_generators: 1.2.0 (/opt/ros/humble/share/rosidl_default_generators/cmake)
-- Found ament_cmake_ros: 0.10.0 (/opt/ros/humble/share/ament_cmake_ros/cmake)
-- Using all available rosidl_typesupport_c: rosidl_typesupport_fastrtps_c;rosidl_typesupport_introspection_c
-- Using all available rosidl_typesupport_cpp: rosidl_typesupport_fastrtps_cpp;rosidl_typesupport_introspection_cpp
-- Found PythonInterp: /usr/bin/python3 (found suitable version "3.10.12", minimum required is "3.6") 
-- Found python_cmake_module: 0.10.0 (/opt/ros/humble/share/python_cmake_module/cmake)
-- Found PythonLibs: /usr/lib/x86_64-linux-gnu/libpython3.10.so (found suitable version "3.10.12", minimum required is "3.5") 
-- Using PYTHON_EXECUTABLE: /usr/bin/python3
-- Using PYTHON_INCLUDE_DIRS: /usr/include/python3.10
-- Using PYTHON_LIBRARIES: /usr/lib/x86_64-linux-gnu/libpython3.10.so
-- Found PythonExtra: .so  
-- Added test 'cppcheck' to perform static code analysis on C / C++ code
-- Configured cppcheck include dirs: $<BUILD_INTERFACE:/home/ivan/robotics/lab2/ex09/build/ex09/rosidl_generator_c>;$<BUILD_INTERFACE:/home/ivan/robotics/lab2/ex09/build/ex09/rosidl_typesupport_fastrtps_c>;$<BUILD_INTERFACE:/home/ivan/robotics/lab2/ex09/build/ex09/rosidl_generator_cpp>;$<BUILD_INTERFACE:/home/ivan/robotics/lab2/ex09/build/ex09/rosidl_typesupport_fastrtps_cpp>;$<BUILD_INTERFACE:/home/ivan/robotics/lab2/ex09/build/ex09/rosidl_typesupport_introspection_c>;$<BUILD_INTERFACE:/home/ivan/robotics/lab2/ex09/build/ex09/rosidl_typesupport_introspection_cpp>;/home/ivan/robotics/lab2/ex09/build/ex09/rosidl_generator_c;/home/ivan/robotics/lab2/ex09/build/ex09/rosidl_generator_py
-- Configured cppcheck exclude dirs and/or files: 
-- Added test 'flake8' to check Python code syntax and style conventions
-- Added test 'lint_cmake' to check CMake code style
-- Added test 'pep257' to check Python code against some of the docstring style conventions in PEP 257
-- Added test 'uncrustify' to check C / C++ code style
-- Configured uncrustify additional arguments: 
-- Added test 'xmllint' to check XML markup files
-- Configuring done
-- Generating done
-- Build files have been written to: /home/ivan/robotics/lab2/ex09/build/ex09
[  1%] [34m[1mGenerating C code for ROS interfaces[0m
[  3%] [34m[1mGenerating C++ code for ROS interfaces[0m
[  3%] Built target ament_cmake_python_copy_ex09
running egg_info
creating ex09.egg-info
writing ex09.egg-info/PKG-INFO
writing dependency_links to ex09.egg-info/dependency_links.txt
writing top-level names to ex09.egg-info/top_level.txt
writing manifest file 'ex09.egg-info/SOURCES.txt'
reading manifest file 'ex09.egg-info/SOURCES.txt'
writing manifest file 'ex09.egg-info/SOURCES.txt'
[  3%] Built target ament_cmake_python_build_ex09_egg
[  3%] Built target ex09__cpp
[  5%] [34m[1mGenerating C++ type support for eProsima Fast-RTPS[0m
[  7%] [34m[1mGenerating C++ type support dispatch for ROS interfaces[0m
[ 10%] [32mBuilding C object CMakeFiles/ex09__rosidl_generator_c.dir/rosidl_generator_c/ex09/msg/detail/num__functions.c.o[0m
[ 10%] [34m[1mGenerating C++ introspection for ROS interfaces[0m
[ 12%] [32mBuilding C object CMakeFiles/ex09__rosidl_generator_c.dir/rosidl_generator_c/ex09/msg/detail/full_name_message__functions.c.o[0m
[ 14%] [32mBuilding C object CMakeFiles/ex09__rosidl_generator_c.dir/rosidl_generator_c/ex09/srv/detail/full_name_sum_service__functions.c.o[0m
[ 16%] [32mBuilding C object CMakeFiles/ex09__rosidl_generator_c.dir/rosidl_generator_c/ex09/msg/detail/sphere__functions.c.o[0m
[ 18%] [32m[1mLinking C shared library libex09__rosidl_generator_c.so[0m
[ 18%] Built target ex09__rosidl_generator_c
[ 21%] [34m[1mGenerating C type support dispatch for ROS interfaces[0m
[ 21%] [34m[1mGenerating C type support for eProsima Fast-RTPS[0m
[ 23%] [34m[1mGenerating C introspection for ROS interfaces[0m
[ 25%] [32mBuilding CXX object CMakeFiles/ex09__rosidl_typesupport_cpp.dir/rosidl_typesupport_cpp/ex09/msg/full_name_message__type_support.cpp.o[0m
[ 29%] [32mBuilding CXX object CMakeFiles/ex09__rosidl_typesupport_cpp.dir/rosidl_typesupport_cpp/ex09/msg/sphere__type_support.cpp.o[0m
[ 29%] [32mBuilding CXX object CMakeFiles/ex09__rosidl_typesupport_cpp.dir/rosidl_typesupport_cpp/ex09/msg/num__type_support.cpp.o[0m
[ 30%] [32mBuilding CXX object CMakeFiles/ex09__rosidl_typesupport_cpp.dir/rosidl_typesupport_cpp/ex09/srv/full_name_sum_service__type_support.cpp.o[0m
[ 34%] [32mBuilding CXX object CMakeFiles/ex09__rosidl_typesupport_introspection_cpp.dir/rosidl_typesupport_introspection_cpp/ex09/msg/detail/full_name_message__type_support.cpp.o[0m
[ 36%] [32mBuilding CXX object CMakeFiles/ex09__rosidl_typesupport_introspection_cpp.dir/rosidl_typesupport_introspection_cpp/ex09/msg/detail/num__type_support.cpp.o[0m
[ 34%] [32mBuilding CXX object CMakeFiles/ex09__rosidl_typesupport_introspection_cpp.dir/rosidl_typesupport_introspection_cpp/ex09/msg/detail/sphere__type_support.cpp.o[0m
[ 38%] [32mBuilding CXX object CMakeFiles/ex09__rosidl_typesupport_introspection_cpp.dir/rosidl_typesupport_introspection_cpp/ex09/srv/detail/full_name_sum_service__type_support.cpp.o[0m
[ 40%] [32mBuilding CXX object CMakeFiles/ex09__rosidl_typesupport_fastrtps_cpp.dir/rosidl_typesupport_fastrtps_cpp/ex09/msg/detail/dds_fastrtps/num__type_support.cpp.o[0m
[ 41%] [32mBuilding CXX object CMakeFiles/ex09__rosidl_typesupport_c.dir/rosidl_typesupport_c/ex09/msg/num__type_support.cpp.o[0m
[ 43%] [32mBuilding CXX object CMakeFiles/ex09__rosidl_typesupport_c.dir/rosidl_typesupport_c/ex09/msg/full_name_message__type_support.cpp.o[0m
[ 45%] [32mBuilding CXX object CMakeFiles/ex09__rosidl_typesupport_c.dir/rosidl_typesupport_c/ex09/msg/sphere__type_support.cpp.o[0m
[ 47%] [32mBuilding CXX object CMakeFiles/ex09__rosidl_typesupport_c.dir/rosidl_typesupport_c/ex09/srv/full_name_sum_service__type_support.cpp.o[0m
[ 49%] [32mBuilding CXX object CMakeFiles/ex09__rosidl_typesupport_fastrtps_cpp.dir/rosidl_typesupport_fastrtps_cpp/ex09/msg/detail/dds_fastrtps/full_name_message__type_support.cpp.o[0m
[ 50%] [32mBuilding CXX object CMakeFiles/ex09__rosidl_typesupport_fastrtps_cpp.dir/rosidl_typesupport_fastrtps_cpp/ex09/msg/detail/dds_fastrtps/sphere__type_support.cpp.o[0m
[ 52%] [32mBuilding C object CMakeFiles/ex09__rosidl_typesupport_introspection_c.dir/rosidl_typesupport_introspection_c/ex09/msg/detail/num__type_support.c.o[0m
[ 54%] [32mBuilding CXX object CMakeFiles/ex09__rosidl_typesupport_fastrtps_cpp.dir/rosidl_typesupport_fastrtps_cpp/ex09/srv/detail/dds_fastrtps/full_name_sum_service__type_support.cpp.o[0m
[ 56%] [32m[1mLinking CXX shared library libex09__rosidl_typesupport_cpp.so[0m
[ 58%] [32mBuilding CXX object CMakeFiles/ex09__rosidl_typesupport_fastrtps_c.dir/rosidl_typesupport_fastrtps_c/ex09/msg/detail/num__type_support_c.cpp.o[0m
[ 60%] [32m[1mLinking CXX shared library libex09__rosidl_typesupport_c.so[0m
[ 61%] [32mBuilding C object CMakeFiles/ex09__rosidl_typesupport_introspection_c.dir/rosidl_typesupport_introspection_c/ex09/msg/detail/full_name_message__type_support.c.o[0m
[ 61%] Built target ex09__rosidl_typesupport_cpp
[ 63%] [32mBuilding C object CMakeFiles/ex09__rosidl_typesupport_introspection_c.dir/rosidl_typesupport_introspection_c/ex09/msg/detail/sphere__type_support.c.o[0m
[ 63%] Built target ex09__rosidl_typesupport_c
[ 65%] [32mBuilding C object CMakeFiles/ex09__rosidl_typesupport_introspection_c.dir/rosidl_typesupport_introspection_c/ex09/srv/detail/full_name_sum_service__type_support.c.o[0m
[ 67%] [32mBuilding CXX object CMakeFiles/ex09__rosidl_typesupport_fastrtps_c.dir/rosidl_typesupport_fastrtps_c/ex09/msg/detail/sphere__type_support_c.cpp.o[0m
[ 69%] [32mBuilding CXX object CMakeFiles/ex09__rosidl_typesupport_fastrtps_c.dir/rosidl_typesupport_fastrtps_c/ex09/msg/detail/full_name_message__type_support_c.cpp.o[0m
[ 70%] [32m[1mLinking C shared library libex09__rosidl_typesupport_introspection_c.so[0m
[ 70%] Built target ex09__rosidl_typesupport_introspection_c
[ 72%] [32mBuilding CXX object CMakeFiles/ex09__rosidl_typesupport_fastrtps_c.dir/rosidl_typesupport_fastrtps_c/ex09/srv/detail/full_name_sum_service__type_support_c.cpp.o[0m
[ 74%] [32m[1mLinking CXX shared library libex09__rosidl_typesupport_introspection_cpp.so[0m
[ 74%] Built target ex09__rosidl_typesupport_introspection_cpp
[ 76%] [32m[1mLinking CXX shared library libex09__rosidl_typesupport_fastrtps_cpp.so[0m
[ 78%] [32m[1mLinking CXX shared library libex09__rosidl_typesupport_fastrtps_c.so[0m
[ 78%] Built target ex09__rosidl_typesupport_fastrtps_cpp
[ 78%] Built target ex09__rosidl_typesupport_fastrtps_c
[ 78%] Built target ex09
[ 80%] [34m[1mGenerating Python code for ROS interfaces[0m
[ 80%] Built target ex09__py
[ 83%] [32mBuilding C object CMakeFiles/ex09__rosidl_generator_py.dir/rosidl_generator_py/ex09/msg/_num_s.c.o[0m
[ 83%] [32mBuilding C object CMakeFiles/ex09__rosidl_generator_py.dir/rosidl_generator_py/ex09/msg/_full_name_message_s.c.o[0m
[ 87%] [32mBuilding C object CMakeFiles/ex09__rosidl_generator_py.dir/rosidl_generator_py/ex09/srv/_full_name_sum_service_s.c.o[0m
[ 87%] [32mBuilding C object CMakeFiles/ex09__rosidl_generator_py.dir/rosidl_generator_py/ex09/msg/_sphere_s.c.o[0m
[ 89%] [32m[1mLinking C shared library rosidl_generator_py/ex09/libex09__rosidl_generator_py.so[0m
[ 89%] Built target ex09__rosidl_generator_py
[ 90%] [32mBuilding C object CMakeFiles/ex09__rosidl_typesupport_c__pyext.dir/rosidl_generator_py/ex09/_ex09_s.ep.rosidl_typesupport_c.c.o[0m
[ 92%] [32mBuilding C object CMakeFiles/ex09__rosidl_typesupport_introspection_c__pyext.dir/rosidl_generator_py/ex09/_ex09_s.ep.rosidl_typesupport_introspection_c.c.o[0m
[ 94%] [32mBuilding C object CMakeFiles/ex09__rosidl_typesupport_fastrtps_c__pyext.dir/rosidl_generator_py/ex09/_ex09_s.ep.rosidl_typesupport_fastrtps_c.c.o[0m
[ 98%] [32m[1mLinking C shared library rosidl_generator_py/ex09/ex09_s__rosidl_typesupport_c.cpython-310-x86_64-linux-gnu.so[0m
[ 98%] [32m[1mLinking C shared library rosidl_generator_py/ex09/ex09_s__rosidl_typesupport_fastrtps_c.cpython-310-x86_64-linux-gnu.so[0m
[100%] [32m[1mLinking C shared library rosidl_generator_py/ex09/ex09_s__rosidl_typesupport_introspection_c.cpython-310-x86_64-linux-gnu.so[0m
[100%] Built target ex09__rosidl_typesupport_introspection_c__pyext
[100%] Built target ex09__rosidl_typesupport_c__pyext
[100%] Built target ex09__rosidl_typesupport_fastrtps_c__pyext
-- Install configuration: ""
-- Installing: /home/ivan/robotics/lab2/ex09/install/ex09/share/ament_index/resource_index/rosidl_interfaces/ex09
-- Installing: /home/ivan/robotics/lab2/ex09/install/ex09/include/ex09/ex09
-- Installing: /home/ivan/robotics/lab2/ex09/install/ex09/include/ex09/ex09/srv
-- Installing: /home/ivan/robotics/lab2/ex09/install/ex09/include/ex09/ex09/srv/full_name_sum_service.h
-- Installing: /home/ivan/robotics/lab2/ex09/install/ex09/include/ex09/ex09/srv/detail
-- Installing: /home/ivan/robotics/lab2/ex09/install/ex09/include/ex09/ex09/srv/detail/full_name_sum_service__functions.c
-- Installing: /home/ivan/robotics/lab2/ex09/install/ex09/include/ex09/ex09/srv/detail/full_name_sum_service__type_support.h
-- Installing: /home/ivan/robotics/lab2/ex09/install/ex09/include/ex09/ex09/srv/detail/full_name_sum_service__struct.h
-- Installing: /home/ivan/robotics/lab2/ex09/install/ex09/include/ex09/ex09/srv/detail/full_name_sum_service__functions.h
-- Installing: /home/ivan/robotics/lab2/ex09/install/ex09/include/ex09/ex09/msg
-- Installing: /home/ivan/robotics/lab2/ex09/install/ex09/include/ex09/ex09/msg/full_name_message.h
-- Installing: /home/ivan/robotics/lab2/ex09/install/ex09/include/ex09/ex09/msg/rosidl_generator_c__visibility_control.h
-- Installing: /home/ivan/robotics/lab2/ex09/install/ex09/include/ex09/ex09/msg/sphere.h
-- Installing: /home/ivan/robotics/lab2/ex09/install/ex09/include/ex09/ex09/msg/num.h
-- Installing: /home/ivan/robotics/lab2/ex09/install/ex09/include/ex09/ex09/msg/detail
-- Installing: /home/ivan/robotics/lab2/ex09/install/ex09/include/ex09/ex09/msg/detail/sphere__type_support.h
-- Installing: /home/ivan/robotics/lab2/ex09/install/ex09/include/ex09/ex09/msg/detail/full_name_message__type_support.h
-- Installing: /home/ivan/robotics/lab2/ex09/install/ex09/include/ex09/ex09/msg/detail/sphere__functions.c
-- Installing: /home/ivan/robotics/lab2/ex09/install/ex09/include/ex09/ex09/msg/detail/num__functions.c
-- Installing: /home/ivan/robotics/lab2/ex09/install/ex09/include/ex09/ex09/msg/detail/full_name_message__functions.h
-- Installing: /home/ivan/robotics/lab2/ex09/install/ex09/include/ex09/ex09/msg/detail/num__type_support.h
-- Installing: /home/ivan/robotics/lab2/ex09/install/ex09/include/ex09/ex09/msg/detail/full_name_message__functions.c
-- Installing: /home/ivan/robotics/lab2/ex09/install/ex09/include/ex09/ex09/msg/detail/num__functions.h
-- Installing: /home/ivan/robotics/lab2/ex09/install/ex09/include/ex09/ex09/msg/detail/full_name_message__struct.h
-- Installing: /home/ivan/robotics/lab2/ex09/install/ex09/include/ex09/ex09/msg/detail/sphere__functions.h
-- Installing: /home/ivan/robotics/lab2/ex09/install/ex09/include/ex09/ex09/msg/detail/num__struct.h
-- Installing: /home/ivan/robotics/lab2/ex09/install/ex09/include/ex09/ex09/msg/detail/sphere__struct.h
-- Installing: /home/ivan/robotics/lab2/ex09/install/ex09/share/ex09/environment/library_path.sh
-- Installing: /home/ivan/robotics/lab2/ex09/install/ex09/share/ex09/environment/library_path.dsv
-- Installing: /home/ivan/robotics/lab2/ex09/install/ex09/lib/libex09__rosidl_generator_c.so
-- Set runtime path of "/home/ivan/robotics/lab2/ex09/install/ex09/lib/libex09__rosidl_generator_c.so" to ""
-- Up-to-date: /home/ivan/robotics/lab2/ex09/install/ex09/include/ex09/ex09
-- Up-to-date: /home/ivan/robotics/lab2/ex09/install/ex09/include/ex09/ex09/srv
-- Up-to-date: /home/ivan/robotics/lab2/ex09/install/ex09/include/ex09/ex09/srv/detail
-- Installing: /home/ivan/robotics/lab2/ex09/install/ex09/include/ex09/ex09/srv/detail/full_name_sum_service__rosidl_typesupport_fastrtps_c.h
-- Up-to-date: /home/ivan/robotics/lab2/ex09/install/ex09/include/ex09/ex09/msg
-- Up-to-date: /home/ivan/robotics/lab2/ex09/install/ex09/include/ex09/ex09/msg/detail
-- Installing: /home/ivan/robotics/lab2/ex09/install/ex09/include/ex09/ex09/msg/detail/sphere__rosidl_typesupport_fastrtps_c.h
-- Installing: /home/ivan/robotics/lab2/ex09/install/ex09/include/ex09/ex09/msg/detail/num__rosidl_typesupport_fastrtps_c.h
-- Installing: /home/ivan/robotics/lab2/ex09/install/ex09/include/ex09/ex09/msg/detail/full_name_message__rosidl_typesupport_fastrtps_c.h
-- Installing: /home/ivan/robotics/lab2/ex09/install/ex09/include/ex09/ex09/msg/rosidl_typesupport_fastrtps_c__visibility_control.h
-- Installing: /home/ivan/robotics/lab2/ex09/install/ex09/lib/libex09__rosidl_typesupport_fastrtps_c.so
-- Set runtime path of "/home/ivan/robotics/lab2/ex09/install/ex09/lib/libex09__rosidl_typesupport_fastrtps_c.so" to ""
-- Up-to-date: /home/ivan/robotics/lab2/ex09/install/ex09/include/ex09/ex09
-- Up-to-date: /home/ivan/robotics/lab2/ex09/install/ex09/include/ex09/ex09/srv
-- Installing: /home/ivan/robotics/lab2/ex09/install/ex09/include/ex09/ex09/srv/full_name_sum_service.hpp
-- Up-to-date: /home/ivan/robotics/lab2/ex09/install/ex09/include/ex09/ex09/srv/detail
-- Installing: /home/ivan/robotics/lab2/ex09/install/ex09/include/ex09/ex09/srv/detail/full_name_sum_service__builder.hpp
-- Installing: /home/ivan/robotics/lab2/ex09/install/ex09/include/ex09/ex09/srv/detail/full_name_sum_service__traits.hpp
-- Installing: /home/ivan/robotics/lab2/ex09/install/ex09/include/ex09/ex09/srv/detail/full_name_sum_service__struct.hpp
-- Up-to-date: /home/ivan/robotics/lab2/ex09/install/ex09/include/ex09/ex09/msg
-- Installing: /home/ivan/robotics/lab2/ex09/install/ex09/include/ex09/ex09/msg/sphere.hpp
-- Installing: /home/ivan/robotics/lab2/ex09/install/ex09/include/ex09/ex09/msg/num.hpp
-- Up-to-date: /home/ivan/robotics/lab2/ex09/install/ex09/include/ex09/ex09/msg/detail
-- Installing: /home/ivan/robotics/lab2/ex09/install/ex09/include/ex09/ex09/msg/detail/sphere__struct.hpp
-- Installing: /home/ivan/robotics/lab2/ex09/install/ex09/include/ex09/ex09/msg/detail/num__builder.hpp
-- Installing: /home/ivan/robotics/lab2/ex09/install/ex09/include/ex09/ex09/msg/detail/full_name_message__traits.hpp
-- Installing: /home/ivan/robotics/lab2/ex09/install/ex09/include/ex09/ex09/msg/detail/sphere__builder.hpp
-- Installing: /home/ivan/robotics/lab2/ex09/install/ex09/include/ex09/ex09/msg/detail/full_name_message__builder.hpp
-- Installing: /home/ivan/robotics/lab2/ex09/install/ex09/include/ex09/ex09/msg/detail/num__traits.hpp
-- Installing: /home/ivan/robotics/lab2/ex09/install/ex09/include/ex09/ex09/msg/detail/sphere__traits.hpp
-- Installing: /home/ivan/robotics/lab2/ex09/install/ex09/include/ex09/ex09/msg/detail/full_name_message__struct.hpp
-- Installing: /home/ivan/robotics/lab2/ex09/install/ex09/include/ex09/ex09/msg/detail/num__struct.hpp
-- Installing: /home/ivan/robotics/lab2/ex09/install/ex09/include/ex09/ex09/msg/full_name_message.hpp
-- Up-to-date: /home/ivan/robotics/lab2/ex09/install/ex09/include/ex09/ex09
-- Up-to-date: /home/ivan/robotics/lab2/ex09/install/ex09/include/ex09/ex09/srv
-- Up-to-date: /home/ivan/robotics/lab2/ex09/install/ex09/include/ex09/ex09/srv/detail
-- Installing: /home/ivan/robotics/lab2/ex09/install/ex09/include/ex09/ex09/srv/detail/dds_fastrtps
-- Installing: /home/ivan/robotics/lab2/ex09/install/ex09/include/ex09/ex09/srv/detail/full_name_sum_service__rosidl_typesupport_fastrtps_cpp.hpp
-- Up-to-date: /home/ivan/robotics/lab2/ex09/install/ex09/include/ex09/ex09/msg
-- Installing: /home/ivan/robotics/lab2/ex09/install/ex09/include/ex09/ex09/msg/rosidl_typesupport_fastrtps_cpp__visibility_control.h
-- Up-to-date: /home/ivan/robotics/lab2/ex09/install/ex09/include/ex09/ex09/msg/detail
-- Installing: /home/ivan/robotics/lab2/ex09/install/ex09/include/ex09/ex09/msg/detail/full_name_message__rosidl_typesupport_fastrtps_cpp.hpp
-- Installing: /home/ivan/robotics/lab2/ex09/install/ex09/include/ex09/ex09/msg/detail/dds_fastrtps
-- Installing: /home/ivan/robotics/lab2/ex09/install/ex09/include/ex09/ex09/msg/detail/num__rosidl_typesupport_fastrtps_cpp.hpp
-- Installing: /home/ivan/robotics/lab2/ex09/install/ex09/include/ex09/ex09/msg/detail/sphere__rosidl_typesupport_fastrtps_cpp.hpp
-- Installing: /home/ivan/robotics/lab2/ex09/install/ex09/lib/libex09__rosidl_typesupport_fastrtps_cpp.so
-- Set runtime path of "/home/ivan/robotics/lab2/ex09/install/ex09/lib/libex09__rosidl_typesupport_fastrtps_cpp.so" to ""
-- Up-to-date: /home/ivan/robotics/lab2/ex09/install/ex09/include/ex09/ex09
-- Up-to-date: /home/ivan/robotics/lab2/ex09/install/ex09/include/ex09/ex09/srv
-- Up-to-date: /home/ivan/robotics/lab2/ex09/install/ex09/include/ex09/ex09/srv/detail
-- Installing: /home/ivan/robotics/lab2/ex09/install/ex09/include/ex09/ex09/srv/detail/full_name_sum_service__type_support.c
-- Installing: /home/ivan/robotics/lab2/ex09/install/ex09/include/ex09/ex09/srv/detail/full_name_sum_service__rosidl_typesupport_introspection_c.h
-- Up-to-date: /home/ivan/robotics/lab2/ex09/install/ex09/include/ex09/ex09/msg
-- Installing: /home/ivan/robotics/lab2/ex09/install/ex09/include/ex09/ex09/msg/rosidl_typesupport_introspection_c__visibility_control.h
-- Up-to-date: /home/ivan/robotics/lab2/ex09/install/ex09/include/ex09/ex09/msg/detail
-- Installing: /home/ivan/robotics/lab2/ex09/install/ex09/include/ex09/ex09/msg/detail/num__type_support.c
-- Installing: /home/ivan/robotics/lab2/ex09/install/ex09/include/ex09/ex09/msg/detail/full_name_message__type_support.c
-- Installing: /home/ivan/robotics/lab2/ex09/install/ex09/include/ex09/ex09/msg/detail/full_name_message__rosidl_typesupport_introspection_c.h
-- Installing: /home/ivan/robotics/lab2/ex09/install/ex09/include/ex09/ex09/msg/detail/sphere__rosidl_typesupport_introspection_c.h
-- Installing: /home/ivan/robotics/lab2/ex09/install/ex09/include/ex09/ex09/msg/detail/num__rosidl_typesupport_introspection_c.h
-- Installing: /home/ivan/robotics/lab2/ex09/install/ex09/include/ex09/ex09/msg/detail/sphere__type_support.c
-- Installing: /home/ivan/robotics/lab2/ex09/install/ex09/lib/libex09__rosidl_typesupport_introspection_c.so
-- Set runtime path of "/home/ivan/robotics/lab2/ex09/install/ex09/lib/libex09__rosidl_typesupport_introspection_c.so" to ""
-- Installing: /home/ivan/robotics/lab2/ex09/install/ex09/lib/libex09__rosidl_typesupport_c.so
-- Set runtime path of "/home/ivan/robotics/lab2/ex09/install/ex09/lib/libex09__rosidl_typesupport_c.so" to ""
-- Up-to-date: /home/ivan/robotics/lab2/ex09/install/ex09/include/ex09/ex09
-- Up-to-date: /home/ivan/robotics/lab2/ex09/install/ex09/include/ex09/ex09/srv
-- Up-to-date: /home/ivan/robotics/lab2/ex09/install/ex09/include/ex09/ex09/srv/detail
-- Installing: /home/ivan/robotics/lab2/ex09/install/ex09/include/ex09/ex09/srv/detail/full_name_sum_service__type_support.cpp
-- Installing: /home/ivan/robotics/lab2/ex09/install/ex09/include/ex09/ex09/srv/detail/full_name_sum_service__rosidl_typesupport_introspection_cpp.hpp
-- Up-to-date: /home/ivan/robotics/lab2/ex09/install/ex09/include/ex09/ex09/msg
-- Up-to-date: /home/ivan/robotics/lab2/ex09/install/ex09/include/ex09/ex09/msg/detail
-- Installing: /home/ivan/robotics/lab2/ex09/install/ex09/include/ex09/ex09/msg/detail/sphere__rosidl_typesupport_introspection_cpp.hpp
-- Installing: /home/ivan/robotics/lab2/ex09/install/ex09/include/ex09/ex09/msg/detail/sphere__type_support.cpp
-- Installing: /home/ivan/robotics/lab2/ex09/install/ex09/include/ex09/ex09/msg/detail/full_name_message__type_support.cpp
-- Installing: /home/ivan/robotics/lab2/ex09/install/ex09/include/ex09/ex09/msg/detail/num__rosidl_typesupport_introspection_cpp.hpp
-- Installing: /home/ivan/robotics/lab2/ex09/install/ex09/include/ex09/ex09/msg/detail/num__type_support.cpp
-- Installing: /home/ivan/robotics/lab2/ex09/install/ex09/include/ex09/ex09/msg/detail/full_name_message__rosidl_typesupport_introspection_cpp.hpp
-- Installing: /home/ivan/robotics/lab2/ex09/install/ex09/lib/libex09__rosidl_typesupport_introspection_cpp.so
-- Set runtime path of "/home/ivan/robotics/lab2/ex09/install/ex09/lib/libex09__rosidl_typesupport_introspection_cpp.so" to ""
-- Installing: /home/ivan/robotics/lab2/ex09/install/ex09/lib/libex09__rosidl_typesupport_cpp.so
-- Set runtime path of "/home/ivan/robotics/lab2/ex09/install/ex09/lib/libex09__rosidl_typesupport_cpp.so" to ""
-- Installing: /home/ivan/robotics/lab2/ex09/install/ex09/share/ex09/environment/pythonpath.sh
-- Installing: /home/ivan/robotics/lab2/ex09/install/ex09/share/ex09/environment/pythonpath.dsv
-- Installing: /home/ivan/robotics/lab2/ex09/install/ex09/local/lib/python3.10/dist-packages/ex09-0.0.0-py3.10.egg-info
-- Installing: /home/ivan/robotics/lab2/ex09/install/ex09/local/lib/python3.10/dist-packages/ex09-0.0.0-py3.10.egg-info/PKG-INFO
-- Installing: /home/ivan/robotics/lab2/ex09/install/ex09/local/lib/python3.10/dist-packages/ex09-0.0.0-py3.10.egg-info/top_level.txt
-- Installing: /home/ivan/robotics/lab2/ex09/install/ex09/local/lib/python3.10/dist-packages/ex09-0.0.0-py3.10.egg-info/dependency_links.txt
-- Installing: /home/ivan/robotics/lab2/ex09/install/ex09/local/lib/python3.10/dist-packages/ex09-0.0.0-py3.10.egg-info/SOURCES.txt
-- Installing: /home/ivan/robotics/lab2/ex09/install/ex09/local/lib/python3.10/dist-packages/ex09
-- Installing: /home/ivan/robotics/lab2/ex09/install/ex09/local/lib/python3.10/dist-packages/ex09/_ex09_s.ep.rosidl_typesupport_fastrtps_c.c
-- Installing: /home/ivan/robotics/lab2/ex09/install/ex09/local/lib/python3.10/dist-packages/ex09/ex09_s__rosidl_typesupport_introspection_c.cpython-310-x86_64-linux-gnu.so
-- Installing: /home/ivan/robotics/lab2/ex09/install/ex09/local/lib/python3.10/dist-packages/ex09/ex09_s__rosidl_typesupport_fastrtps_c.cpython-310-x86_64-linux-gnu.so
-- Installing: /home/ivan/robotics/lab2/ex09/install/ex09/local/lib/python3.10/dist-packages/ex09/libex09__rosidl_generator_py.so
-- Installing: /home/ivan/robotics/lab2/ex09/install/ex09/local/lib/python3.10/dist-packages/ex09/ex09_s__rosidl_typesupport_c.cpython-310-x86_64-linux-gnu.so
-- Installing: /home/ivan/robotics/lab2/ex09/install/ex09/local/lib/python3.10/dist-packages/ex09/_ex09_s.ep.rosidl_typesupport_introspection_c.c
-- Installing: /home/ivan/robotics/lab2/ex09/install/ex09/local/lib/python3.10/dist-packages/ex09/srv
-- Installing: /home/ivan/robotics/lab2/ex09/install/ex09/local/lib/python3.10/dist-packages/ex09/srv/_full_name_sum_service_s.c
-- Installing: /home/ivan/robotics/lab2/ex09/install/ex09/local/lib/python3.10/dist-packages/ex09/srv/_full_name_sum_service.py
-- Installing: /home/ivan/robotics/lab2/ex09/install/ex09/local/lib/python3.10/dist-packages/ex09/srv/__init__.py
-- Installing: /home/ivan/robotics/lab2/ex09/install/ex09/local/lib/python3.10/dist-packages/ex09/__init__.py
-- Installing: /home/ivan/robotics/lab2/ex09/install/ex09/local/lib/python3.10/dist-packages/ex09/_ex09_s.ep.rosidl_typesupport_c.c
-- Installing: /home/ivan/robotics/lab2/ex09/install/ex09/local/lib/python3.10/dist-packages/ex09/msg
-- Installing: /home/ivan/robotics/lab2/ex09/install/ex09/local/lib/python3.10/dist-packages/ex09/msg/_full_name_message.py
-- Installing: /home/ivan/robotics/lab2/ex09/install/ex09/local/lib/python3.10/dist-packages/ex09/msg/_sphere_s.c
-- Installing: /home/ivan/robotics/lab2/ex09/install/ex09/local/lib/python3.10/dist-packages/ex09/msg/_num_s.c
-- Installing: /home/ivan/robotics/lab2/ex09/install/ex09/local/lib/python3.10/dist-packages/ex09/msg/_num.py
-- Installing: /home/ivan/robotics/lab2/ex09/install/ex09/local/lib/python3.10/dist-packages/ex09/msg/__init__.py
-- Installing: /home/ivan/robotics/lab2/ex09/install/ex09/local/lib/python3.10/dist-packages/ex09/msg/_sphere.py
-- Installing: /home/ivan/robotics/lab2/ex09/install/ex09/local/lib/python3.10/dist-packages/ex09/msg/_full_name_message_s.c
Listing '/home/ivan/robotics/lab2/ex09/install/ex09/local/lib/python3.10/dist-packages/ex09'...
Compiling '/home/ivan/robotics/lab2/ex09/install/ex09/local/lib/python3.10/dist-packages/ex09/__init__.py'...
Listing '/home/ivan/robotics/lab2/ex09/install/ex09/local/lib/python3.10/dist-packages/ex09/msg'...
Compiling '/home/ivan/robotics/lab2/ex09/install/ex09/local/lib/python3.10/dist-packages/ex09/msg/__init__.py'...
Compiling '/home/ivan/robotics/lab2/ex09/install/ex09/local/lib/python3.10/dist-packages/ex09/msg/_full_name_message.py'...
Compiling '/home/ivan/robotics/lab2/ex09/install/ex09/local/lib/python3.10/dist-packages/ex09/msg/_num.py'...
Compiling '/home/ivan/robotics/lab2/ex09/install/ex09/local/lib/python3.10/dist-packages/ex09/msg/_sphere.py'...
Listing '/home/ivan/robotics/lab2/ex09/install/ex09/local/lib/python3.10/dist-packages/ex09/srv'...
Compiling '/home/ivan/robotics/lab2/ex09/install/ex09/local/lib/python3.10/dist-packages/ex09/srv/__init__.py'...
Compiling '/home/ivan/robotics/lab2/ex09/install/ex09/local/lib/python3.10/dist-packages/ex09/srv/_full_name_sum_service.py'...
-- Installing: /home/ivan/robotics/lab2/ex09/install/ex09/local/lib/python3.10/dist-packages/ex09/ex09_s__rosidl_typesupport_fastrtps_c.cpython-310-x86_64-linux-gnu.so
-- Set runtime path of "/home/ivan/robotics/lab2/ex09/install/ex09/local/lib/python3.10/dist-packages/ex09/ex09_s__rosidl_typesupport_fastrtps_c.cpython-310-x86_64-linux-gnu.so" to ""
-- Installing: /home/ivan/robotics/lab2/ex09/install/ex09/local/lib/python3.10/dist-packages/ex09/ex09_s__rosidl_typesupport_introspection_c.cpython-310-x86_64-linux-gnu.so
-- Set runtime path of "/home/ivan/robotics/lab2/ex09/install/ex09/local/lib/python3.10/dist-packages/ex09/ex09_s__rosidl_typesupport_introspection_c.cpython-310-x86_64-linux-gnu.so" to ""
-- Installing: /home/ivan/robotics/lab2/ex09/install/ex09/local/lib/python3.10/dist-packages/ex09/ex09_s__rosidl_typesupport_c.cpython-310-x86_64-linux-gnu.so
-- Set runtime path of "/home/ivan/robotics/lab2/ex09/install/ex09/local/lib/python3.10/dist-packages/ex09/ex09_s__rosidl_typesupport_c.cpython-310-x86_64-linux-gnu.so" to ""
-- Installing: /home/ivan/robotics/lab2/ex09/install/ex09/lib/libex09__rosidl_generator_py.so
-- Set runtime path of "/home/ivan/robotics/lab2/ex09/install/ex09/lib/libex09__rosidl_generator_py.so" to ""
-- Installing: /home/ivan/robotics/lab2/ex09/install/ex09/share/ex09/msg/Num.idl
-- Installing: /home/ivan/robotics/lab2/ex09/install/ex09/share/ex09/msg/FullNameMessage.idl
-- Installing: /home/ivan/robotics/lab2/ex09/install/ex09/share/ex09/msg/Sphere.idl
-- Installing: /home/ivan/robotics/lab2/ex09/install/ex09/share/ex09/srv/FullNameSumService.idl
-- Installing: /home/ivan/robotics/lab2/ex09/install/ex09/share/ex09/msg/Num.msg
-- Installing: /home/ivan/robotics/lab2/ex09/install/ex09/share/ex09/msg/FullNameMessage.msg
-- Installing: /home/ivan/robotics/lab2/ex09/install/ex09/share/ex09/msg/Sphere.msg
-- Installing: /home/ivan/robotics/lab2/ex09/install/ex09/share/ex09/srv/FullNameSumService.srv
-- Installing: /home/ivan/robotics/lab2/ex09/install/ex09/share/ex09/srv/FullNameSumService_Request.msg
-- Installing: /home/ivan/robotics/lab2/ex09/install/ex09/share/ex09/srv/FullNameSumService_Response.msg
-- Installing: /home/ivan/robotics/lab2/ex09/install/ex09/share/ament_index/resource_index/package_run_dependencies/ex09
-- Installing: /home/ivan/robotics/lab2/ex09/install/ex09/share/ament_index/resource_index/parent_prefix_path/ex09
-- Installing: /home/ivan/robotics/lab2/ex09/install/ex09/share/ex09/environment/ament_prefix_path.sh
-- Installing: /home/ivan/robotics/lab2/ex09/install/ex09/share/ex09/environment/ament_prefix_path.dsv
-- Installing: /home/ivan/robotics/lab2/ex09/install/ex09/share/ex09/environment/path.sh
-- Installing: /home/ivan/robotics/lab2/ex09/install/ex09/share/ex09/environment/path.dsv
-- Installing: /home/ivan/robotics/lab2/ex09/install/ex09/share/ex09/local_setup.bash
-- Installing: /home/ivan/robotics/lab2/ex09/install/ex09/share/ex09/local_setup.sh
-- Installing: /home/ivan/robotics/lab2/ex09/install/ex09/share/ex09/local_setup.zsh
-- Installing: /home/ivan/robotics/lab2/ex09/install/ex09/share/ex09/local_setup.dsv
-- Installing: /home/ivan/robotics/lab2/ex09/install/ex09/share/ex09/package.dsv
-- Installing: /home/ivan/robotics/lab2/ex09/install/ex09/share/ament_index/resource_index/packages/ex09
-- Installing: /home/ivan/robotics/lab2/ex09/install/ex09/share/ex09/cmake/export_ex09__rosidl_generator_cExport.cmake
-- Installing: /home/ivan/robotics/lab2/ex09/install/ex09/share/ex09/cmake/export_ex09__rosidl_generator_cExport-noconfig.cmake
-- Installing: /home/ivan/robotics/lab2/ex09/install/ex09/share/ex09/cmake/export_ex09__rosidl_typesupport_fastrtps_cExport.cmake
-- Installing: /home/ivan/robotics/lab2/ex09/install/ex09/share/ex09/cmake/export_ex09__rosidl_typesupport_fastrtps_cExport-noconfig.cmake
-- Installing: /home/ivan/robotics/lab2/ex09/install/ex09/share/ex09/cmake/export_ex09__rosidl_generator_cppExport.cmake
-- Installing: /home/ivan/robotics/lab2/ex09/install/ex09/share/ex09/cmake/export_ex09__rosidl_typesupport_fastrtps_cppExport.cmake
-- Installing: /home/ivan/robotics/lab2/ex09/install/ex09/share/ex09/cmake/export_ex09__rosidl_typesupport_fastrtps_cppExport-noconfig.cmake
-- Installing: /home/ivan/robotics/lab2/ex09/install/ex09/share/ex09/cmake/ex09__rosidl_typesupport_introspection_cExport.cmake
-- Installing: /home/ivan/robotics/lab2/ex09/install/ex09/share/ex09/cmake/ex09__rosidl_typesupport_introspection_cExport-noconfig.cmake
-- Installing: /home/ivan/robotics/lab2/ex09/install/ex09/share/ex09/cmake/ex09__rosidl_typesupport_cExport.cmake
-- Installing: /home/ivan/robotics/lab2/ex09/install/ex09/share/ex09/cmake/ex09__rosidl_typesupport_cExport-noconfig.cmake
-- Installing: /home/ivan/robotics/lab2/ex09/install/ex09/share/ex09/cmake/ex09__rosidl_typesupport_introspection_cppExport.cmake
-- Installing: /home/ivan/robotics/lab2/ex09/install/ex09/share/ex09/cmake/ex09__rosidl_typesupport_introspection_cppExport-noconfig.cmake
-- Installing: /home/ivan/robotics/lab2/ex09/install/ex09/share/ex09/cmake/ex09__rosidl_typesupport_cppExport.cmake
-- Installing: /home/ivan/robotics/lab2/ex09/install/ex09/share/ex09/cmake/ex09__rosidl_typesupport_cppExport-noconfig.cmake
-- Installing: /home/ivan/robotics/lab2/ex09/install/ex09/share/ex09/cmake/export_ex09__rosidl_generator_pyExport.cmake
-- Installing: /home/ivan/robotics/lab2/ex09/install/ex09/share/ex09/cmake/export_ex09__rosidl_generator_pyExport-noconfig.cmake
-- Installing: /home/ivan/robotics/lab2/ex09/install/ex09/share/ex09/cmake/rosidl_cmake-extras.cmake
-- Installing: /home/ivan/robotics/lab2/ex09/install/ex09/share/ex09/cmake/ament_cmake_export_dependencies-extras.cmake
-- Installing: /home/ivan/robotics/lab2/ex09/install/ex09/share/ex09/cmake/ament_cmake_export_include_directories-extras.cmake
-- Installing: /home/ivan/robotics/lab2/ex09/install/ex09/share/ex09/cmake/ament_cmake_export_libraries-extras.cmake
-- Installing: /home/ivan/robotics/lab2/ex09/install/ex09/share/ex09/cmake/ament_cmake_export_targets-extras.cmake
-- Installing: /home/ivan/robotics/lab2/ex09/install/ex09/share/ex09/cmake/rosidl_cmake_export_typesupport_targets-extras.cmake
-- Installing: /home/ivan/robotics/lab2/ex09/install/ex09/share/ex09/cmake/rosidl_cmake_export_typesupport_libraries-extras.cmake
-- Installing: /home/ivan/robotics/lab2/ex09/install/ex09/share/ex09/cmake/ex09Config.cmake
-- Installing: /home/ivan/robotics/lab2/ex09/install/ex09/share/ex09/cmake/ex09Config-version.cmake
-- Installing: /home/ivan/robotics/lab2/ex09/install/ex09/share/ex09/package.xml
